# JRE version: OpenJDK Runtime Environment Temurin-21.0.8+9 (21.0.8+9) (build 21.0.8+9-LTS)
# Java VM: OpenJDK 64-Bit Server VM Temurin-21.0.8+9 (21.0.8+9-LTS, mixed mode, sharing, tiered, compressed oops, compressed class ptrs, parallel gc, windows-amd64)
GC Precious Log:
 CardTable entry size: 512
 CPUs: 12 total, 12 available
 Memory: 7501M
 Large Page Support: Disabled
 NUMA Support: Disabled
 Compressed Oops: Enabled (32-bit)
 Alignments: Space 512K, Generation 512K, Heap 2M
 Heap Min Capacity: 100M
 Heap Initial Capacity: 100M
 Heap Max Capacity: 2G
 Pre-touch: Disabled
 Parallel Workers: 10
Heap:
 PSYoungGen      total 7168K, used 6608K [0x00000000d5580000, 0x00000000d5f80000, 0x0000000100000000)
  eden space 4096K, 100% used [0x00000000d5580000,0x00000000d5980000,0x00000000d5980000)
  from space 3072K, 81% used [0x00000000d5c80000,0x00000000d5ef4000,0x00000000d5f80000)
  to   space 3072K, 9% used [0x00000000d5980000,0x00000000d59c8000,0x00000000d5c80000)
 ParOldGen       total 1398272K, used 1398264K [0x0000000080000000, 0x00000000d5580000, 0x00000000d5580000)
  object space 1398272K, 99% used [0x0000000080000000,0x00000000d557e2d8,0x00000000d5580000)
 Metaspace       used 88071K, committed 89600K, reserved 1179648K
  class space    used 8636K, committed 9344K, reserved 1048576K
GC Heap History (20 events):
Event: 19784.462 GC heap after
{Heap after GC invocations=5635 (full 6):
 PSYoungGen      total 3584K, used 320K [0x00000000d5580000, 0x00000000d5a00000, 0x0000000100000000)
  eden space 3072K, 0% used [0x00000000d5580000,0x00000000d5580000,0x00000000d5880000)
  from space 512K, 62% used [0x00000000d5980000,0x00000000d59d0000,0x00000000d5a00000)
  to   space 512K, 0% used [0x00000000d5900000,0x00000000d5900000,0x00000000d5980000)
 ParOldGen       total 1386496K, used 1386239K [0x0000000080000000, 0x00000000d4a00000, 0x00000000d5580000)
  object space 1386496K, 99% used [0x0000000080000000,0x00000000d49bff10,0x00000000d4a00000)
 Metaspace       used 88066K, committed 89536K, reserved 1179648K
  class space    used 8636K, committed 9344K, reserved 1048576K
}
Event: 19785.244 GC heap before
{Heap before GC invocations=5636 (full 6):
 PSYoungGen      total 3584K, used 3392K [0x00000000d5580000, 0x00000000d5a00000, 0x0000000100000000)
  eden space 3072K, 100% used [0x00000000d5580000,0x00000000d5880000,0x00000000d5880000)
  from space 512K, 62% used [0x00000000d5980000,0x00000000d59d0000,0x00000000d5a00000)
  to   space 512K, 0% used [0x00000000d5900000,0x00000000d5900000,0x00000000d5980000)
 ParOldGen       total 1386496K, used 1386239K [0x0000000080000000, 0x00000000d4a00000, 0x00000000d5580000)
  object space 1386496K, 99% used [0x0000000080000000,0x00000000d49bff10,0x00000000d4a00000)
 Metaspace       used 88067K, committed 89536K, reserved 1179648K
  class space    used 8636K, committed 9344K, reserved 1048576K
}
Event: 19785.247 GC heap after
{Heap after GC invocations=5636 (full 6):
 PSYoungGen      total 3584K, used 256K [0x00000000d5580000, 0x00000000d5a00000, 0x0000000100000000)
  eden space 3072K, 0% used [0x00000000d5580000,0x00000000d5580000,0x00000000d5880000)
  from space 512K, 50% used [0x00000000d5900000,0x00000000d5940000,0x00000000d5980000)
  to   space 512K, 0% used [0x00000000d5980000,0x00000000d5980000,0x00000000d5a00000)
 ParOldGen       total 1386496K, used 1386279K [0x0000000080000000, 0x00000000d4a00000, 0x00000000d5580000)
  object space 1386496K, 99% used [0x0000000080000000,0x00000000d49c9f10,0x00000000d4a00000)
 Metaspace       used 88067K, committed 89536K, reserved 1179648K
  class space    used 8636K, committed 9344K, reserved 1048576K
}
Event: 19785.270 GC heap before
{Heap before GC invocations=5637 (full 6):
 PSYoungGen      total 3584K, used 3328K [0x00000000d5580000, 0x00000000d5a00000, 0x0000000100000000)
  eden space 3072K, 100% used [0x00000000d5580000,0x00000000d5880000,0x00000000d5880000)
  from space 512K, 50% used [0x00000000d5900000,0x00000000d5940000,0x00000000d5980000)
  to   space 512K, 0% used [0x00000000d5980000,0x00000000d5980000,0x00000000d5a00000)
 ParOldGen       total 1386496K, used 1386279K [0x0000000080000000, 0x00000000d4a00000, 0x00000000d5580000)
  object space 1386496K, 99% used [0x0000000080000000,0x00000000d49c9f10,0x00000000d4a00000)
 Metaspace       used 88067K, committed 89536K, reserved 1179648K
  class space    used 8636K, committed 9344K, reserved 1048576K
}
Event: 19785.274 GC heap after
{Heap after GC invocations=5637 (full 6):
 PSYoungGen      total 1536K, used 485K [0x00000000d5580000, 0x00000000d5e80000, 0x0000000100000000)
  eden space 1024K, 0% used [0x00000000d5580000,0x00000000d5580000,0x00000000d5680000)
  from space 512K, 94% used [0x00000000d5980000,0x00000000d59f9440,0x00000000d5a00000)
  to   space 3072K, 0% used [0x00000000d5680000,0x00000000d5680000,0x00000000d5980000)
 ParOldGen       total 1388544K, used 1388356K [0x0000000080000000, 0x00000000d4c00000, 0x00000000d5580000)
  object space 1388544K, 99% used [0x0000000080000000,0x00000000d4bd1360,0x00000000d4c00000)
 Metaspace       used 88067K, committed 89536K, reserved 1179648K
  class space    used 8636K, committed 9344K, reserved 1048576K
}
Event: 19785.275 GC heap before
{Heap before GC invocations=5638 (full 6):
 PSYoungGen      total 1536K, used 1508K [0x00000000d5580000, 0x00000000d5e80000, 0x0000000100000000)
  eden space 1024K, 99% used [0x00000000d5580000,0x00000000d567ff98,0x00000000d5680000)
  from space 512K, 94% used [0x00000000d5980000,0x00000000d59f9440,0x00000000d5a00000)
  to   space 3072K, 0% used [0x00000000d5680000,0x00000000d5680000,0x00000000d5980000)
 ParOldGen       total 1388544K, used 1388356K [0x0000000080000000, 0x00000000d4c00000, 0x00000000d5580000)
  object space 1388544K, 99% used [0x0000000080000000,0x00000000d4bd1360,0x00000000d4c00000)
 Metaspace       used 88067K, committed 89536K, reserved 1179648K
  class space    used 8636K, committed 9344K, reserved 1048576K
}
Event: 19785.278 GC heap after
{Heap after GC invocations=5638 (full 6):
 PSYoungGen      total 2048K, used 992K [0x00000000d5580000, 0x00000000d5b00000, 0x0000000100000000)
  eden space 1024K, 0% used [0x00000000d5580000,0x00000000d5580000,0x00000000d5680000)
  from space 1024K, 96% used [0x00000000d5680000,0x00000000d5778000,0x00000000d5780000)
  to   space 2048K, 0% used [0x00000000d5900000,0x00000000d5900000,0x00000000d5b00000)
 ParOldGen       total 1389056K, used 1388881K [0x0000000080000000, 0x00000000d4c80000, 0x00000000d5580000)
  object space 1389056K, 99% used [0x0000000080000000,0x00000000d4c54478,0x00000000d4c80000)
 Metaspace       used 88067K, committed 89536K, reserved 1179648K
  class space    used 8636K, committed 9344K, reserved 1048576K
}
Event: 19785.280 GC heap before
{Heap before GC invocations=5639 (full 6):
 PSYoungGen      total 2048K, used 2015K [0x00000000d5580000, 0x00000000d5b00000, 0x0000000100000000)
  eden space 1024K, 99% used [0x00000000d5580000,0x00000000d567fff0,0x00000000d5680000)
  from space 1024K, 96% used [0x00000000d5680000,0x00000000d5778000,0x00000000d5780000)
  to   space 2048K, 0% used [0x00000000d5900000,0x00000000d5900000,0x00000000d5b00000)
 ParOldGen       total 1389056K, used 1388881K [0x0000000080000000, 0x00000000d4c80000, 0x00000000d5580000)
  object space 1389056K, 99% used [0x0000000080000000,0x00000000d4c54478,0x00000000d4c80000)
 Metaspace       used 88067K, committed 89536K, reserved 1179648K
  class space    used 8636K, committed 9344K, reserved 1048576K
}
Event: 19785.283 GC heap after
{Heap after GC invocations=5639 (full 6):
 PSYoungGen      total 3072K, used 1088K [0x00000000d5580000, 0x00000000d5a80000, 0x0000000100000000)
  eden space 1536K, 0% used [0x00000000d5580000,0x00000000d5580000,0x00000000d5700000)
  from space 1536K, 70% used [0x00000000d5900000,0x00000000d5a10000,0x00000000d5a80000)
  to   space 1536K, 0% used [0x00000000d5780000,0x00000000d5780000,0x00000000d5900000)
 ParOldGen       total 1390080K, used 1389757K [0x0000000080000000, 0x00000000d4d80000, 0x00000000d5580000)
  object space 1390080K, 99% used [0x0000000080000000,0x00000000d4d2f488,0x00000000d4d80000)
 Metaspace       used 88067K, committed 89536K, reserved 1179648K
  class space    used 8636K, committed 9344K, reserved 1048576K
}
Event: 19785.286 GC heap before
{Heap before GC invocations=5640 (full 6):
 PSYoungGen      total 3072K, used 2624K [0x00000000d5580000, 0x00000000d5a80000, 0x0000000100000000)
  eden space 1536K, 100% used [0x00000000d5580000,0x00000000d5700000,0x00000000d5700000)
  from space 1536K, 70% used [0x00000000d5900000,0x00000000d5a10000,0x00000000d5a80000)
  to   space 1536K, 0% used [0x00000000d5780000,0x00000000d5780000,0x00000000d5900000)
 ParOldGen       total 1390080K, used 1389757K [0x0000000080000000, 0x00000000d4d80000, 0x00000000d5580000)
  object space 1390080K, 99% used [0x0000000080000000,0x00000000d4d2f488,0x00000000d4d80000)
 Metaspace       used 88067K, committed 89536K, reserved 1179648K
  class space    used 8636K, committed 9344K, reserved 1048576K
}
Event: 19785.290 GC heap after
{Heap after GC invocations=5640 (full 6):
 PSYoungGen      total 3584K, used 1536K [0x00000000d5580000, 0x00000000d5d80000, 0x0000000100000000)
  eden space 2048K, 0% used [0x00000000d5580000,0x00000000d5580000,0x00000000d5780000)
  from space 1536K, 100% used [0x00000000d5780000,0x00000000d5900000,0x00000000d5900000)
  to   space 3072K, 0% used [0x00000000d5a80000,0x00000000d5a80000,0x00000000d5d80000)
 ParOldGen       total 1391104K, used 1390733K [0x0000000080000000, 0x00000000d4e80000, 0x00000000d5580000)
  object space 1391104K, 99% used [0x0000000080000000,0x00000000d4e23488,0x00000000d4e80000)
 Metaspace       used 88067K, committed 89536K, reserved 1179648K
  class space    used 8636K, committed 9344K, reserved 1048576K
}
Event: 19785.296 GC heap before
{Heap before GC invocations=5641 (full 6):
 PSYoungGen      total 3584K, used 3405K [0x00000000d5580000, 0x00000000d5d80000, 0x0000000100000000)
  eden space 2048K, 91% used [0x00000000d5580000,0x00000000d5753630,0x00000000d5780000)
  from space 1536K, 100% used [0x00000000d5780000,0x00000000d5900000,0x00000000d5900000)
  to   space 3072K, 0% used [0x00000000d5a80000,0x00000000d5a80000,0x00000000d5d80000)
 ParOldGen       total 1391104K, used 1390733K [0x0000000080000000, 0x00000000d4e80000, 0x00000000d5580000)
  object space 1391104K, 99% used [0x0000000080000000,0x00000000d4e23488,0x00000000d4e80000)
 Metaspace       used 88067K, committed 89536K, reserved 1179648K
  class space    used 8636K, committed 9344K, reserved 1048576K
}
Event: 19785.299 GC heap after
{Heap after GC invocations=5641 (full 6):
 PSYoungGen      total 4608K, used 1552K [0x00000000d5580000, 0x00000000d5c80000, 0x0000000100000000)
  eden space 2560K, 0% used [0x00000000d5580000,0x00000000d5580000,0x00000000d5800000)
  from space 2048K, 75% used [0x00000000d5a80000,0x00000000d5c04000,0x00000000d5c80000)
  to   space 2048K, 0% used [0x00000000d5880000,0x00000000d5880000,0x00000000d5a80000)
 ParOldGen       total 1392640K, used 1392253K [0x0000000080000000, 0x00000000d5000000, 0x00000000d5580000)
  object space 1392640K, 99% used [0x0000000080000000,0x00000000d4f9f488,0x00000000d5000000)
 Metaspace       used 88067K, committed 89536K, reserved 1179648K
  class space    used 8636K, committed 9344K, reserved 1048576K
}
Event: 19785.317 GC heap before
{Heap before GC invocations=5642 (full 6):
 PSYoungGen      total 4608K, used 4112K [0x00000000d5580000, 0x00000000d5c80000, 0x0000000100000000)
  eden space 2560K, 100% used [0x00000000d5580000,0x00000000d5800000,0x00000000d5800000)
  from space 2048K, 75% used [0x00000000d5a80000,0x00000000d5c04000,0x00000000d5c80000)
  to   space 2048K, 0% used [0x00000000d5880000,0x00000000d5880000,0x00000000d5a80000)
 ParOldGen       total 1392640K, used 1392253K [0x0000000080000000, 0x00000000d5000000, 0x00000000d5580000)
  object space 1392640K, 99% used [0x0000000080000000,0x00000000d4f9f488,0x00000000d5000000)
 Metaspace       used 88067K, committed 89536K, reserved 1179648K
  class space    used 8636K, committed 9344K, reserved 1048576K
}
Event: 19785.323 GC heap after
{Heap after GC invocations=5642 (full 6):
 PSYoungGen      total 5120K, used 2021K [0x00000000d5580000, 0x00000000d6080000, 0x0000000100000000)
  eden space 3072K, 0% used [0x00000000d5580000,0x00000000d5580000,0x00000000d5880000)
  from space 2048K, 98% used [0x00000000d5880000,0x00000000d5a794c0,0x00000000d5a80000)
  to   space 4096K, 0% used [0x00000000d5c80000,0x00000000d5c80000,0x00000000d6080000)
 ParOldGen       total 1394176K, used 1393861K [0x0000000080000000, 0x00000000d5180000, 0x00000000d5580000)
  object space 1394176K, 99% used [0x0000000080000000,0x00000000d5131488,0x00000000d5180000)
 Metaspace       used 88067K, committed 89536K, reserved 1179648K
  class space    used 8636K, committed 9344K, reserved 1048576K
}
Event: 19785.354 GC heap before
{Heap before GC invocations=5643 (full 6):
 PSYoungGen      total 5120K, used 5093K [0x00000000d5580000, 0x00000000d6080000, 0x0000000100000000)
  eden space 3072K, 100% used [0x00000000d5580000,0x00000000d5880000,0x00000000d5880000)
  from space 2048K, 98% used [0x00000000d5880000,0x00000000d5a794c0,0x00000000d5a80000)
  to   space 4096K, 0% used [0x00000000d5c80000,0x00000000d5c80000,0x00000000d6080000)
 ParOldGen       total 1394176K, used 1393861K [0x0000000080000000, 0x00000000d5180000, 0x00000000d5580000)
  object space 1394176K, 99% used [0x0000000080000000,0x00000000d5131488,0x00000000d5180000)
 Metaspace       used 88067K, committed 89536K, reserved 1179648K
  class space    used 8636K, committed 9344K, reserved 1048576K
}
Event: 19785.358 GC heap after
{Heap after GC invocations=5643 (full 6):
 PSYoungGen      total 7168K, used 2512K [0x00000000d5580000, 0x00000000d5f80000, 0x0000000100000000)
  eden space 4096K, 0% used [0x00000000d5580000,0x00000000d5580000,0x00000000d5980000)
  from space 3072K, 81% used [0x00000000d5c80000,0x00000000d5ef4000,0x00000000d5f80000)
  to   space 3072K, 0% used [0x00000000d5980000,0x00000000d5980000,0x00000000d5c80000)
 ParOldGen       total 1396224K, used 1395938K [0x0000000080000000, 0x00000000d5380000, 0x00000000d5580000)
  object space 1396224K, 99% used [0x0000000080000000,0x00000000d5338948,0x00000000d5380000)
 Metaspace       used 88067K, committed 89536K, reserved 1179648K
  class space    used 8636K, committed 9344K, reserved 1048576K
}
Event: 19785.471 GC heap before
{Heap before GC invocations=5644 (full 6):
 PSYoungGen      total 7168K, used 6608K [0x00000000d5580000, 0x00000000d5f80000, 0x0000000100000000)
  eden space 4096K, 100% used [0x00000000d5580000,0x00000000d5980000,0x00000000d5980000)
  from space 3072K, 81% used [0x00000000d5c80000,0x00000000d5ef4000,0x00000000d5f80000)
  to   space 3072K, 0% used [0x00000000d5980000,0x00000000d5980000,0x00000000d5c80000)
 ParOldGen       total 1396224K, used 1395938K [0x0000000080000000, 0x00000000d5380000, 0x00000000d5580000)
  object space 1396224K, 99% used [0x0000000080000000,0x00000000d5338948,0x00000000d5380000)
 Metaspace       used 88071K, committed 89600K, reserved 1179648K
  class space    used 8636K, committed 9344K, reserved 1048576K
}
Event: 19785.478 GC heap after
{Heap after GC invocations=5644 (full 6):
 PSYoungGen      total 7168K, used 6608K [0x00000000d5580000, 0x00000000d5f80000, 0x0000000100000000)
  eden space 4096K, 100% used [0x00000000d5580000,0x00000000d5980000,0x00000000d5980000)
  from space 3072K, 81% used [0x00000000d5c80000,0x00000000d5ef4000,0x00000000d5f80000)
  to   space 3072K, 9% used [0x00000000d5980000,0x00000000d59c8000,0x00000000d5c80000)
 ParOldGen       total 1398272K, used 1398264K [0x0000000080000000, 0x00000000d5580000, 0x00000000d5580000)
  object space 1398272K, 99% used [0x0000000080000000,0x00000000d557e2d8,0x00000000d5580000)
 Metaspace       used 88071K, committed 89600K, reserved 1179648K
  class space    used 8636K, committed 9344K, reserved 1048576K
}
Event: 19785.478 GC heap before
{Heap before GC invocations=5645 (full 7):
 PSYoungGen      total 7168K, used 6608K [0x00000000d5580000, 0x00000000d5f80000, 0x0000000100000000)
  eden space 4096K, 100% used [0x00000000d5580000,0x00000000d5980000,0x00000000d5980000)
  from space 3072K, 81% used [0x00000000d5c80000,0x00000000d5ef4000,0x00000000d5f80000)
  to   space 3072K, 9% used [0x00000000d5980000,0x00000000d59c8000,0x00000000d5c80000)
 ParOldGen       total 1398272K, used 1398264K [0x0000000080000000, 0x00000000d5580000, 0x00000000d5580000)
  object space 1398272K, 99% used [0x0000000080000000,0x00000000d557e2d8,0x00000000d5580000)
 Metaspace       used 88071K, committed 89600K, reserved 1179648K
  class space    used 8636K, committed 9344K, reserved 1048576K
}

